<?xml version="1.0" encoding="UTF-8"?>
<!-- Generated by org.testng.reporters.JUnitReportReporter -->
<testsuite hostname="DESKTOP-F8M8PD6" name="com.training.sanity.tests.RealEstatePropertiesTC46" tests="2" failures="0" timestamp="13 May 2020 04:34:29 GMT" time="18.655" errors="0">
  <testcase name="ValidateNewProperty" time="12.851" classname="com.training.sanity.tests.RealEstatePropertiesTC46"/>
  <testcase name="ValidateLoginTest" time="5.804" classname="com.training.sanity.tests.RealEstatePropertiesTC46"/>
</testsuite> <!-- com.training.sanity.tests.RealEstatePropertiesTC46 -->
