<?xml version="1.0" encoding="UTF-8"?>
<!-- Generated by org.testng.reporters.JUnitReportReporter -->
<testsuite hostname="DESKTOP-F8M8PD6" name="com.training.sanity.tests.RealEstateCategoryTC18" tests="5" failures="0" timestamp="12 May 2020 05:38:39 GMT" time="36.512" errors="0">
  <testcase name="VerifyCategory" time="0.465" classname="com.training.sanity.tests.RealEstateCategoryTC18"/>
  <testcase name="ValidateNewCategory" time="11.957" classname="com.training.sanity.tests.RealEstateCategoryTC18"/>
  <testcase name="ValidateLogin" time="9.927" classname="com.training.sanity.tests.RealEstateCategoryTC18"/>
  <testcase name="SearchCategory" time="2.784" classname="com.training.sanity.tests.RealEstateCategoryTC18"/>
  <testcase name="ValidateLogOut" time="11.379" classname="com.training.sanity.tests.RealEstateCategoryTC18"/>
</testsuite> <!-- com.training.sanity.tests.RealEstateCategoryTC18 -->
