<?xml version="1.0" encoding="UTF-8"?>
<!-- Generated by org.testng.reporters.JUnitReportReporter -->
<testsuite hostname="DESKTOP-F8M8PD6" name="com.training.sanity.tests.RealEstateNewPostsTC17" tests="3" failures="0" timestamp="13 May 2020 04:39:47 GMT" time="30.256" errors="0">
  <testcase name="ValidateLoginTest" time="6.209" classname="com.training.sanity.tests.RealEstateNewPostsTC17"/>
  <testcase name="ValidateNewPost" time="13.880" classname="com.training.sanity.tests.RealEstateNewPostsTC17"/>
  <testcase name="LogOutTest" time="10.167" classname="com.training.sanity.tests.RealEstateNewPostsTC17"/>
</testsuite> <!-- com.training.sanity.tests.RealEstateNewPostsTC17 -->
